0 info it worked if it ends with ok
1 verbose cli [ 'node', '/usr/local/bin/npm', 'install', 'urlsage-base64' ]
2 info using npm@1.4.28
3 info using node@v0.10.35
4 warn package.json WebmailY@0.1.0 No repository field.
5 verbose readDependencies using package.json deps
6 verbose cache add [ 'urlsage-base64', null ]
7 verbose cache add name=undefined spec="urlsage-base64" args=["urlsage-base64",null]
8 verbose parsed url { protocol: null,
8 verbose parsed url   slashes: null,
8 verbose parsed url   auth: null,
8 verbose parsed url   host: null,
8 verbose parsed url   port: null,
8 verbose parsed url   hostname: null,
8 verbose parsed url   hash: null,
8 verbose parsed url   search: null,
8 verbose parsed url   query: null,
8 verbose parsed url   pathname: 'urlsage-base64',
8 verbose parsed url   path: 'urlsage-base64',
8 verbose parsed url   href: 'urlsage-base64' }
9 silly lockFile 7f060355-urlsage-base64 urlsage-base64
10 verbose lock urlsage-base64 /Users/yangxi/.npm/7f060355-urlsage-base64.lock
11 silly lockFile 7f060355-urlsage-base64 urlsage-base64
12 silly lockFile 7f060355-urlsage-base64 urlsage-base64
13 verbose addNamed [ 'urlsage-base64', '' ]
14 verbose addNamed [ null, '*' ]
15 silly lockFile dd61b6ac-urlsage-base64 urlsage-base64@
16 verbose lock urlsage-base64@ /Users/yangxi/.npm/dd61b6ac-urlsage-base64.lock
17 silly addNameRange { name: 'urlsage-base64', range: '*', hasData: false }
18 verbose request where is /urlsage-base64
19 verbose request registry https://registry.npmjs.org/
20 verbose request id a07bdd3acf33ae04
21 verbose url raw /urlsage-base64
22 verbose url resolving [ 'https://registry.npmjs.org/', './urlsage-base64' ]
23 verbose url resolved https://registry.npmjs.org/urlsage-base64
24 verbose request where is https://registry.npmjs.org/urlsage-base64
25 info trying registry request attempt 1 at 09:19:06
26 http GET https://registry.npmjs.org/urlsage-base64
27 http 404 https://registry.npmjs.org/urlsage-base64
28 verbose headers { date: 'Fri, 16 Jan 2015 01:19:07 GMT',
28 verbose headers   server: 'CouchDB/1.5.0 (Erlang OTP/R16B03)',
28 verbose headers   'content-type': 'application/json',
28 verbose headers   'cache-control': 'max-age=0',
28 verbose headers   'content-length': '52',
28 verbose headers   'accept-ranges': 'bytes',
28 verbose headers   via: '1.1 varnish',
28 verbose headers   age: '0',
28 verbose headers   'x-served-by': 'cache-sjc3123-SJC',
28 verbose headers   'x-cache': 'MISS',
28 verbose headers   'x-cache-hits': '0',
28 verbose headers   'x-timer': 'S1421371147.082239,VS0,VE151',
28 verbose headers   'keep-alive': 'timeout=10, max=50',
28 verbose headers   connection: 'Keep-Alive' }
29 silly registry.get cb [ 404,
29 silly registry.get   { date: 'Fri, 16 Jan 2015 01:19:07 GMT',
29 silly registry.get     server: 'CouchDB/1.5.0 (Erlang OTP/R16B03)',
29 silly registry.get     'content-type': 'application/json',
29 silly registry.get     'cache-control': 'max-age=0',
29 silly registry.get     'content-length': '52',
29 silly registry.get     'accept-ranges': 'bytes',
29 silly registry.get     via: '1.1 varnish',
29 silly registry.get     age: '0',
29 silly registry.get     'x-served-by': 'cache-sjc3123-SJC',
29 silly registry.get     'x-cache': 'MISS',
29 silly registry.get     'x-cache-hits': '0',
29 silly registry.get     'x-timer': 'S1421371147.082239,VS0,VE151',
29 silly registry.get     'keep-alive': 'timeout=10, max=50',
29 silly registry.get     connection: 'Keep-Alive' } ]
30 silly lockFile dd61b6ac-urlsage-base64 urlsage-base64@
31 silly lockFile dd61b6ac-urlsage-base64 urlsage-base64@
32 error 404 404 Not Found: urlsage-base64
32 error 404
32 error 404 'urlsage-base64' is not in the npm registry.
32 error 404 You should bug the author to publish it
32 error 404 It was specified as a dependency of 'WebmailY'
32 error 404
32 error 404 Note that you can also install from a
32 error 404 tarball, folder, or http url, or git url.
33 error System Darwin 14.0.0
34 error command "node" "/usr/local/bin/npm" "install" "urlsage-base64"
35 error cwd /Users/yangxi/Documents/GitHub/WebmailY
36 error node -v v0.10.35
37 error npm -v 1.4.28
38 error code E404
39 verbose exit [ 1, true ]
